Flow report for signalProj
Fri Nov 08 15:54:24 2024
Quartus Prime Version 20.1.1 Build 720 11/11/2020 SJ Lite Edition


---------------------
; Table of Contents ;
---------------------
  1. Legal Notice
  2. Flow Summary
  3. Flow Settings
  4. Flow Non-Default Global Settings
  5. Flow Elapsed Time
  6. Flow OS Summary
  7. Flow Log
  8. Flow Messages
  9. Flow Suppressed Messages



----------------
; Legal Notice ;
----------------
Copyright (C) 2020  Intel Corporation. All rights reserved.
Your use of Intel Corporation's design tools, logic functions 
and other software and tools, and any partner logic 
functions, and any output files from any of the foregoing 
(including device programming or simulation files), and any 
associated documentation or information are expressly subject 
to the terms and conditions of the Intel Program License 
Subscription Agreement, the Intel Quartus Prime License Agreement,
the Intel FPGA IP License Agreement, or other applicable license
agreement, including, without limitation, that your use is for
the sole purpose of programming logic devices manufactured by
Intel and sold by Intel or its authorized distributors.  Please
refer to the applicable agreement for further details, at
https://fpgasoftware.intel.com/eula.



+----------------------------------------------------------------------------------+
; Flow Summary                                                                     ;
+------------------------------------+---------------------------------------------+
; Flow Status                        ; Successful - Fri Nov 08 15:54:21 2024       ;
; Quartus Prime Version              ; 20.1.1 Build 720 11/11/2020 SJ Lite Edition ;
; Revision Name                      ; signalProj                                  ;
; Top-level Entity Name              ; signalProj02                                ;
; Family                             ; MAX 10                                      ;
; Device                             ; 10M50DAF484C7G                              ;
; Timing Models                      ; Final                                       ;
; Total logic elements               ; 1,773 / 49,760 ( 4 % )                      ;
;     Total combinational functions  ; 1,109 / 49,760 ( 2 % )                      ;
;     Dedicated logic registers      ; 1,393 / 49,760 ( 3 % )                      ;
; Total registers                    ; 1393                                        ;
; Total pins                         ; 13 / 360 ( 4 % )                            ;
; Total virtual pins                 ; 0                                           ;
; Total memory bits                  ; 768 / 1,677,312 ( < 1 % )                   ;
; Embedded Multiplier 9-bit elements ; 0 / 288 ( 0 % )                             ;
; Total PLLs                         ; 1 / 4 ( 25 % )                              ;
; UFM blocks                         ; 0 / 1 ( 0 % )                               ;
; ADC blocks                         ; 1 / 2 ( 50 % )                              ;
+------------------------------------+---------------------------------------------+


+-----------------------------------------+
; Flow Settings                           ;
+-------------------+---------------------+
; Option            ; Setting             ;
+-------------------+---------------------+
; Start date & time ; 11/08/2024 15:53:56 ;
; Main task         ; Compilation         ;
; Revision Name     ; signalProj          ;
+-------------------+---------------------+


+------------------------------------------------------------------------------------------------------------------------------------------+
; Flow Non-Default Global Settings                                                                                                         ;
+-------------------------------------+--------------------------------------------------------+---------------+--------------+------------+
; Assignment Name                     ; Value                                                  ; Default Value ; Entity Name  ; Section Id ;
+-------------------------------------+--------------------------------------------------------+---------------+--------------+------------+
; COMPILER_SIGNATURE_ID               ; 2543711158273.173105603617996                          ; --            ; --           ; --         ;
; MAX_CORE_JUNCTION_TEMP              ; 85                                                     ; --            ; --           ; --         ;
; MIN_CORE_JUNCTION_TEMP              ; 0                                                      ; --            ; --           ; --         ;
; MISC_FILE                           ; adc0/synthesis/../adc0.cmp                             ; --            ; --           ; --         ;
; MISC_FILE                           ; adc0/synthesis/../../adc0.qsys                         ; --            ; --           ; --         ;
; OUTPUT_IO_TIMING_FAR_END_VMEAS      ; Half Signal Swing                                      ; --            ; --           ; --         ;
; OUTPUT_IO_TIMING_FAR_END_VMEAS      ; Half Signal Swing                                      ; --            ; --           ; --         ;
; OUTPUT_IO_TIMING_NEAR_END_VMEAS     ; Half Vccio                                             ; --            ; --           ; --         ;
; OUTPUT_IO_TIMING_NEAR_END_VMEAS     ; Half Vccio                                             ; --            ; --           ; --         ;
; PARTITION_COLOR                     ; -- (Not supported for targeted family)                 ; --            ; signalProj02 ; Top        ;
; PARTITION_FITTER_PRESERVATION_LEVEL ; -- (Not supported for targeted family)                 ; --            ; signalProj02 ; Top        ;
; PARTITION_NETLIST_TYPE              ; -- (Not supported for targeted family)                 ; --            ; signalProj02 ; Top        ;
; POWER_BOARD_THERMAL_MODEL           ; None (CONSERVATIVE)                                    ; --            ; --           ; --         ;
; POWER_PRESET_COOLING_SOLUTION       ; 23 MM HEAT SINK WITH 200 LFPM AIRFLOW                  ; --            ; --           ; --         ;
; PROJECT_OUTPUT_DIRECTORY            ; output_files                                           ; --            ; --           ; --         ;
; SLD_FILE                            ; adc0/synthesis/adc0.debuginfo                          ; --            ; --           ; --         ;
; SLD_INFO                            ; QSYS_NAME adc0 HAS_SOPCINFO 1 GENERATION_ID 1730803314 ; --            ; adc0         ; --         ;
; SOPCINFO_FILE                       ; adc0/synthesis/../../adc0.sopcinfo                     ; --            ; --           ; --         ;
; SYNTHESIS_ONLY_QIP                  ; On                                                     ; --            ; --           ; --         ;
; TOP_LEVEL_ENTITY                    ; signalProj02                                           ; signalProj    ; --           ; --         ;
+-------------------------------------+--------------------------------------------------------+---------------+--------------+------------+


+--------------------------------------------------------------------------------------------------------------------------+
; Flow Elapsed Time                                                                                                        ;
+----------------------+--------------+-------------------------+---------------------+------------------------------------+
; Module Name          ; Elapsed Time ; Average Processors Used ; Peak Virtual Memory ; Total CPU Time (on all processors) ;
+----------------------+--------------+-------------------------+---------------------+------------------------------------+
; Analysis & Synthesis ; 00:00:08     ; 1.0                     ; 4855 MB             ; 00:00:06                           ;
; Fitter               ; 00:00:13     ; 1.4                     ; 5980 MB             ; 00:00:09                           ;
; Assembler            ; 00:00:02     ; 1.0                     ; 4700 MB             ; 00:00:01                           ;
; Timing Analyzer      ; 00:00:02     ; 2.4                     ; 4899 MB             ; 00:00:02                           ;
; Total                ; 00:00:25     ; --                      ; --                  ; 00:00:18                           ;
+----------------------+--------------+-------------------------+---------------------+------------------------------------+


+------------------------------------------------------------------------------------+
; Flow OS Summary                                                                    ;
+----------------------+------------------+------------+------------+----------------+
; Module Name          ; Machine Hostname ; OS Name    ; OS Version ; Processor type ;
+----------------------+------------------+------------+------------+----------------+
; Analysis & Synthesis ; MSI              ; Windows 10 ; 10.0       ; x86_64         ;
; Fitter               ; MSI              ; Windows 10 ; 10.0       ; x86_64         ;
; Assembler            ; MSI              ; Windows 10 ; 10.0       ; x86_64         ;
; Timing Analyzer      ; MSI              ; Windows 10 ; 10.0       ; x86_64         ;
+----------------------+------------------+------------+------------+----------------+


------------
; Flow Log ;
------------
quartus_map --read_settings_files=on --write_settings_files=off signalProj -c signalProj
quartus_fit --read_settings_files=off --write_settings_files=off signalProj -c signalProj
quartus_asm --read_settings_files=off --write_settings_files=off signalProj -c signalProj
quartus_sta signalProj -c signalProj



